kernel_name = _Z3iniPiS_i 
kernel_launch_uid = 1 

Kernel Average Power Data:
kernel_avg_power = 67.7269
gpu_avg_IBP, = 0.00150792
gpu_avg_ICP, = 0
gpu_avg_DCP, = 0.0395502
gpu_avg_TCP, = 0
gpu_avg_CCP, = 0
gpu_avg_SHRDP, = 0
gpu_avg_RFP, = 0.0274005
gpu_avg_INTP, = 0.020294
gpu_avg_FPUP, = 0
gpu_avg_DPUP, = 0
gpu_avg_INT_MUL24P, = 0
gpu_avg_INT_MUL32P, = 0
gpu_avg_INT_MULP, = 0.00782969
gpu_avg_INT_DIVP, = 0
gpu_avg_FP_MULP, = 0
gpu_avg_FP_DIVP, = 0
gpu_avg_FP_SQRTP, = 0
gpu_avg_FP_LGP, = 0
gpu_avg_FP_SINP, = 0
gpu_avg_FP_EXP, = 0
gpu_avg_DP_MULP, = 0
gpu_avg_DP_DIVP, = 0
gpu_avg_TENSORP, = 0
gpu_avg_TEXP, = 0
gpu_avg_SCHEDP, = 0.00380616
gpu_avg_L2CP, = 0.0190449
gpu_avg_MCP, = 0.56833
gpu_avg_NOCP, = 0.0252334
gpu_avg_DRAMP, = 0
gpu_avg_PIPEP, = 0.00401102
gpu_avg_IDLE_COREP, = 0.0123332
gpu_avg_CONSTP = 32.3252
gpu_avg_STATICP = 34.6723
gpu_avg_TOT_INST, = 142.353
gpu_avg_FP_INT, = 122.017
gpu_avg_IC_H, = 0
gpu_avg_IC_M, = 0
gpu_avg_DC_RH, = 0
gpu_avg_DC_RM, = 0
gpu_avg_DC_WH, = 0
gpu_avg_DC_WM, = 81.34
gpu_avg_TC_H, = 0
gpu_avg_TC_M, = 0
gpu_avg_CC_H, = 0
gpu_avg_CC_M, = 0
gpu_avg_SHRD_ACC, = 0
gpu_avg_REG_RD, = 3579.11
gpu_avg_REG_WR, = 2928.42
gpu_avg_NON_REG_OPs, = 0
gpu_avg_INT_ACC, = 24383.2
gpu_avg_FPU_ACC, = 0
gpu_avg_DPU_ACC, = 0
gpu_avg_INT_MUL24_ACC, = 0
gpu_avg_INT_MUL32_ACC, = 0
gpu_avg_INT_MUL_ACC, = 112.35
gpu_avg_INT_DIV_ACC, = 0
gpu_avg_FP_MUL_ACC, = 0
gpu_avg_FP_DIV_ACC, = 0
gpu_avg_FP_SQRT_ACC, = 0
gpu_avg_FP_LG_ACC, = 0
gpu_avg_FP_SIN_ACC, = 0
gpu_avg_FP_EXP_ACC, = 0
gpu_avg_DP_MUL_ACC, = 0
gpu_avg_DP_DIV_ACC, = 0
gpu_avg_TENSOR_ACC, = 0
gpu_avg_TEX_ACC, = 0
gpu_avg_MEM_RD, = 0
gpu_avg_MEM_WR, = 0
gpu_avg_MEM_PRE, = 0
gpu_avg_L2_RH, = 0
gpu_avg_L2_RM, = 0
gpu_avg_L2_WH, = 0
gpu_avg_L2_WM, = 81.2988
gpu_avg_NOC_A, = 162.634
gpu_avg_PIPE_A, = 0.00169468
gpu_avg_IDLE_CORE_N, = 0.0436121
gpu_avg_constant_power = 0
gpu_avg_threads_per_warp = 1.20806
gpu_tot_TOT_INST, = 693688
gpu_tot_FP_INT, = 594589
gpu_tot_IC_H, = 0
gpu_tot_IC_M, = 0
gpu_tot_DC_RH, = 0
gpu_tot_DC_RM, = 0
gpu_tot_DC_WH, = 0
gpu_tot_DC_WM, = 396370
gpu_tot_TC_H, = 0
gpu_tot_TC_M, = 0
gpu_tot_CC_H, = 0
gpu_tot_CC_M, = 0
gpu_tot_SHRD_ACC, = 0
gpu_tot_REG_RD, = 1.7441e+07
gpu_tot_REG_WR, = 1.42702e+07
gpu_tot_NON_REG_OPs, = 0
gpu_tot_INT_ACC, = 1.18819e+08
gpu_tot_FPU_ACC, = 0
gpu_tot_DPU_ACC, = 0
gpu_tot_INT_MUL24_ACC, = 0
gpu_tot_INT_MUL32_ACC, = 0
gpu_tot_INT_MUL_ACC, = 547480
gpu_tot_INT_DIV_ACC, = 0
gpu_tot_FP_MUL_ACC, = 0
gpu_tot_FP_DIV_ACC, = 0
gpu_tot_FP_SQRT_ACC, = 0
gpu_tot_FP_LG_ACC, = 0
gpu_tot_FP_SIN_ACC, = 0
gpu_tot_FP_EXP_ACC, = 0
gpu_tot_DP_MUL_ACC, = 0
gpu_tot_DP_DIV_ACC, = 0
gpu_tot_TENSOR_ACC, = 0
gpu_tot_TEX_ACC, = 0
gpu_tot_MEM_RD, = 0
gpu_tot_MEM_WR, = 0
gpu_tot_MEM_PRE, = 0
gpu_tot_L2_RH, = 0
gpu_tot_L2_RM, = 0
gpu_tot_L2_WH, = 0
gpu_tot_L2_WM, = 396169
gpu_tot_NOC_A, = 792515
gpu_tot_PIPE_A, = 8.25819
gpu_tot_IDLE_CORE_N, = 212.522
gpu_tot_constant_power = 0

Kernel Maximum Power Data:
kernel_max_power = 78.2746
gpu_max_IBP, = 0.090632
gpu_max_ICP, = 0
gpu_max_DCP, = 3.53297
gpu_max_TCP, = 0
gpu_max_CCP, = 0
gpu_max_SHRDP, = 0
gpu_max_RFP, = 1.60175
gpu_max_INTP, = 1.2079
gpu_max_FPUP, = 0
gpu_max_DPUP, = 0
gpu_max_INT_MUL24P, = 0
gpu_max_INT_MUL32P, = 0
gpu_max_INT_MULP, = 0.456376
gpu_max_INT_DIVP, = 0
gpu_max_FP_MULP, = 0
gpu_max_FP_DIVP, = 0
gpu_max_FP_SQRTP, = 0
gpu_max_FP_LGP, = 0
gpu_max_FP_SINP, = 0
gpu_max_FP_EXP, = 0
gpu_max_DP_MULP, = 0
gpu_max_DP_DIVP, = 0
gpu_max_TENSORP, = 0
gpu_max_TEXP, = 0
gpu_max_SCHEDP, = 0.228962
gpu_max_L2CP, = 1.10827
gpu_max_MCP, = 2.16796
gpu_max_NOCP, = 1.85984
gpu_max_DRAMP, = 0
gpu_max_PIPEP, = 0.23116
gpu_max_IDLE_COREP, = 0
gpu_max_CONSTP = 32.3252
gpu_max_STATICP = 33.4636
gpu_max_TOT_INST, = 8556
gpu_max_FP_INT, = 7340
gpu_max_IC_H, = 0
gpu_max_IC_M, = 0
gpu_max_DC_RH, = 0
gpu_max_DC_RM, = 0
gpu_max_DC_WH, = 0
gpu_max_DC_WM, = 7266
gpu_max_TC_H, = 0
gpu_max_TC_M, = 0
gpu_max_CC_H, = 0
gpu_max_CC_M, = 0
gpu_max_SHRD_ACC, = 0
gpu_max_REG_RD, = 208256
gpu_max_REG_WR, = 172320
gpu_max_NON_REG_OPs, = 0
gpu_max_INT_ACC, = 1.45129e+06
gpu_max_FPU_ACC, = 0
gpu_max_DPU_ACC, = 0
gpu_max_INT_MUL24_ACC, = 0
gpu_max_INT_MUL32_ACC, = 0
gpu_max_INT_MUL_ACC, = 6548.62
gpu_max_INT_DIV_ACC, = 0
gpu_max_FP_MUL_ACC, = 0
gpu_max_FP_DIV_ACC, = 0
gpu_max_FP_SQRT_ACC, = 0
gpu_max_FP_LG_ACC, = 0
gpu_max_FP_SIN_ACC, = 0
gpu_max_FP_EXP_ACC, = 0
gpu_max_DP_MUL_ACC, = 0
gpu_max_DP_DIV_ACC, = 0
gpu_max_TENSOR_ACC, = 0
gpu_max_TEX_ACC, = 0
gpu_max_MEM_RD, = 0
gpu_max_MEM_WR, = 0
gpu_max_MEM_PRE, = 0
gpu_max_L2_RH, = 0
gpu_max_L2_RM, = 0
gpu_max_L2_WH, = 0
gpu_max_L2_WM, = 4731
gpu_max_NOC_A, = 11987
gpu_max_PIPE_A, = 0.0976667
gpu_max_IDLE_CORE_N, = 0
gpu_max_constant_power = 0

Kernel Minimum Power Data:
kernel_min_power = 38.8141
gpu_min_IBP, = 0
gpu_min_ICP, = 0
gpu_min_DCP, = 0
gpu_min_TCP, = 0
gpu_min_CCP, = 0
gpu_min_SHRDP, = 0
gpu_min_RFP, = 0
gpu_min_INTP, = 0
gpu_min_FPUP, = 0
gpu_min_DPUP, = 0
gpu_min_INT_MUL24P, = 0
gpu_min_INT_MUL32P, = 0
gpu_min_INT_MULP, = 0
gpu_min_INT_DIVP, = 0
gpu_min_FP_MULP, = 0
gpu_min_FP_DIVP, = 0
gpu_min_FP_SQRTP, = 0
gpu_min_FP_LGP, = 0
gpu_min_FP_SINP, = 0
gpu_min_FP_EXP, = 0
gpu_min_DP_MULP, = 0
gpu_min_DP_DIVP, = 0
gpu_min_TENSORP, = 0
gpu_min_TEXP, = 0
gpu_min_SCHEDP, = 0
gpu_min_L2CP, = 0
gpu_min_MCP, = 0.55022
gpu_min_NOCP, = 0
gpu_min_DRAMP, = 0
gpu_min_PIPEP, = 0
gpu_min_IDLE_COREP, = 5.93862
gpu_min_CONSTP = 32.3252
gpu_min_STATICP = 0
gpu_min_TOT_INST, = 0
gpu_min_FP_INT, = 0
gpu_min_IC_H, = 0
gpu_min_IC_M, = 0
gpu_min_DC_RH, = 0
gpu_min_DC_RM, = 0
gpu_min_DC_WH, = 0
gpu_min_DC_WM, = 0
gpu_min_TC_H, = 0
gpu_min_TC_M, = 0
gpu_min_CC_H, = 0
gpu_min_CC_M, = 0
gpu_min_SHRD_ACC, = 0
gpu_min_REG_RD, = 0
gpu_min_REG_WR, = 0
gpu_min_NON_REG_OPs, = 0
gpu_min_INT_ACC, = 0
gpu_min_FPU_ACC, = 0
gpu_min_DPU_ACC, = 0
gpu_min_INT_MUL24_ACC, = 0
gpu_min_INT_MUL32_ACC, = 0
gpu_min_INT_MUL_ACC, = 0
gpu_min_INT_DIV_ACC, = 0
gpu_min_FP_MUL_ACC, = 0
gpu_min_FP_DIV_ACC, = 0
gpu_min_FP_SQRT_ACC, = 0
gpu_min_FP_LG_ACC, = 0
gpu_min_FP_SIN_ACC, = 0
gpu_min_FP_EXP_ACC, = 0
gpu_min_DP_MUL_ACC, = 0
gpu_min_DP_DIV_ACC, = 0
gpu_min_TENSOR_ACC, = 0
gpu_min_TEX_ACC, = 0
gpu_min_MEM_RD, = 0
gpu_min_MEM_WR, = 0
gpu_min_MEM_PRE, = 0
gpu_min_L2_RH, = 0
gpu_min_L2_RM, = 0
gpu_min_L2_WH, = 0
gpu_min_L2_WM, = 0
gpu_min_NOC_A, = 0
gpu_min_PIPE_A, = 0
gpu_min_IDLE_CORE_N, = 21
gpu_min_constant_power = 0

Accumulative Power Statistics Over Previous Kernels:
gpu_tot_avg_power = 67.7269
gpu_tot_max_power = 78.2746
gpu_tot_min_power = 38.8141


